  Search_Apply.cpp
c:\users\admin\desktop\압축용 (2)\압축용 (2)\project1\project1\search_apply.cpp(8): warning C4018: '<': signed 또는 unsigned가 일치하지 않습니다.
c:\users\admin\desktop\압축용 (2)\압축용 (2)\project1\project1\search_apply.cpp(19): warning C4018: '<': signed 또는 unsigned가 일치하지 않습니다.
c:\users\admin\desktop\압축용 (2)\압축용 (2)\project1\project1\search_apply.cpp(67): warning C4018: '<': signed 또는 unsigned가 일치하지 않습니다.
c:\users\admin\desktop\압축용 (2)\압축용 (2)\project1\project1\search_apply.cpp(69): error C2039: 'getrecruitlist': 'std::vector<Recruit,std::allocator<_Ty>>'의 멤버가 아닙니다.
          with
          [
              _Ty=Recruit
          ]
  c:\users\admin\desktop\압축용 (2)\압축용 (2)\project1\project1\recruit.h(16): note: 'std::vector<Recruit,std::allocator<_Ty>>' 선언을 참조하십시오.
          with
          [
              _Ty=Recruit
          ]
c:\users\admin\desktop\압축용 (2)\압축용 (2)\project1\project1\search_apply.cpp(69): error C2228: '.getBusinessNumber' 왼쪽에는 클래스/구조체/공용 구조체가 있어야 합니다.
  CheckApplyInfo.cpp
c:\users\admin\desktop\test\project1\project1\checkapplyinfo.cpp(8): error C2039: 'getrecruitlist': 'std::vector<Apply,std::allocator<_Ty>>'의 멤버가 아닙니다.
          with
          [
              _Ty=Apply
          ]
  c:\users\admin\desktop\test\project1\project1\apply.h(8): note: 'std::vector<Apply,std::allocator<_Ty>>' 선언을 참조하십시오.
          with
          [
              _Ty=Apply
          ]
c:\users\admin\desktop\test\project1\project1\checkapplyinfo.cpp(8): error C2228: '.getCompanyName' 왼쪽에는 클래스/구조체/공용 구조체가 있어야 합니다.
c:\users\admin\desktop\test\project1\project1\checkapplyinfo.cpp(8): error C2228: '.getBusinessNumber' 왼쪽에는 클래스/구조체/공용 구조체가 있어야 합니다.
c:\users\admin\desktop\test\project1\project1\checkapplyinfo.cpp(8): error C2228: '.getWork' 왼쪽에는 클래스/구조체/공용 구조체가 있어야 합니다.
c:\users\admin\desktop\test\project1\project1\checkapplyinfo.cpp(8): error C2228: '.getNumberOfPeople' 왼쪽에는 클래스/구조체/공용 구조체가 있어야 합니다.
c:\users\admin\desktop\test\project1\project1\checkapplyinfo.cpp(8): error C2228: '.getDeadline' 왼쪽에는 클래스/구조체/공용 구조체가 있어야 합니다.
c:\users\admin\desktop\test\project1\project1\checkapplyinfo.cpp(13): error C2352: 'Apply::getApplylist': 비정적 멤버 함수를 잘못 호출했습니다.
  c:\users\admin\desktop\test\project1\project1\apply.h(16): note: 'Apply::getApplylist' 선언을 참조하십시오.
c:\users\admin\desktop\test\project1\project1\checkapplyinfo.cpp(15): warning C4018: '<': signed 또는 unsigned가 일치하지 않습니다.
  main.cpp
  코드를 생성하고 있습니다...
